2015-06-04 01:29:36,357 __main__   INFO   Processing /places
2015-06-04 01:29:36,361 __main__   INFO   Fetching a list of http://www.w3.org/2003/01/geo/wgs84_pos#SpatialThing
2015-06-04 01:41:51,347 __main__   INFO   Got 73284 URIs to process
2015-06-04 01:54:08,708 __main__   INFO   Store 73284 results in the DB
2015-06-04 01:54:12,108 __main__   INFO   Processing /concepts
2015-06-04 01:54:12,110 __main__   INFO   Fetching a list of http://www.w3.org/2004/02/skos/core#Concept
2015-06-04 01:55:38,069 __main__   INFO   Got 10156 URIs to process
2015-06-04 01:57:35,842 __main__   INFO   Store 10156 results in the DB
2015-06-04 01:57:36,817 __main__   INFO   Processing Concept
2015-06-04 01:57:36,819 __main__   INFO   Fetching a list of http://www.w3.org/TR/skos-reference/#concepts
2015-06-04 01:57:37,648 __main__   INFO   Got 0 URIs to process
2015-06-04 01:57:37,653 __main__   INFO   Processing /works
2015-06-04 01:57:37,658 __main__   INFO   Fetching a list of http://purl.org/vocab/frbr/core#Work
2015-06-04 01:57:43,508 __main__   INFO   Got 1764 URIs to process
2015-06-04 01:57:59,481 __main__   INFO   Store 1764 results in the DB
2015-06-04 01:57:59,558 __main__   INFO   Processing /people
2015-06-04 01:57:59,564 __main__   INFO   Fetching a list of http://xmlns.com/foaf/0.1/Person
2015-06-04 01:58:00,112 __main__   INFO   Got 0 URIs to process
2015-06-04 01:58:00,116 __main__   INFO   Processing People
2015-06-04 01:58:00,121 __main__   INFO   Fetching a list of http://xmlns.com/foaf/spec/#term_Person
2015-06-04 01:58:00,468 __main__   INFO   Got 0 URIs to process
2015-06-04 01:58:00,473 __main__   INFO   Processing /agents
2015-06-04 01:58:00,478 __main__   INFO   Fetching a list of http://xmlns.com/foaf/0.1/Agent
2015-06-04 01:58:01,778 __main__   INFO   Got 0 URIs to process
2015-06-04 01:58:01,782 __main__   INFO   Processing Work
2015-06-04 01:58:01,786 __main__   INFO   Fetching a list of http://vocab.org/frbr/core.html#Work
2015-06-04 01:58:02,270 __main__   INFO   Got 0 URIs to process
2015-06-04 01:58:02,275 __main__   INFO   Processing Agent
2015-06-04 01:58:02,279 __main__   INFO   Fetching a list of http://xmlns.com/foaf/spec/#term_Agent
2015-06-04 01:58:02,636 __main__   INFO   Got 0 URIs to process
2015-06-04 01:58:02,640 __main__   INFO   Processing Dataset
2015-06-04 01:58:02,644 __main__   INFO   Fetching a list of http://rdfs.org/ns/void#Dataset
2015-06-04 01:58:03,024 __main__   INFO   Got 34 URIs to process
2015-06-04 01:58:04,769 __main__   INFO   Store 34 results in the DB
2015-06-04 01:58:04,776 __main__   INFO   Processing /groups
2015-06-04 01:58:04,872 __main__   INFO   Fetching a list of http://xmlns.com/foaf/0.1/Group
2015-06-04 01:58:05,214 __main__   INFO   Got 0 URIs to process
2015-06-04 01:58:05,217 __main__   INFO   Processing Physical thing
2015-06-04 01:58:05,221 __main__   INFO   Fetching a list of http://www.cidoc-crm.org/cidoc-crm/E18_Physical_Thing
2015-06-04 01:58:05,566 __main__   INFO   Got 0 URIs to process
2015-06-04 01:58:05,570 __main__   INFO   Processing /events
2015-06-04 01:58:05,574 __main__   INFO   Fetching a list of http://purl.org/NET/c4dm/event.owl#Event
2015-06-04 01:58:14,739 __main__   INFO   Got 2847 URIs to process
2015-06-04 01:58:40,837 __main__   INFO   Store 2847 results in the DB
2015-06-04 01:58:41,579 __main__   INFO   Processing Collection
2015-06-04 01:58:41,581 __main__   INFO   Fetching a list of http://purl.org/dc/dcmitype/Collection
2015-06-04 01:58:41,991 __main__   INFO   Got 34 URIs to process
2015-06-04 01:58:43,330 __main__   INFO   Store 34 results in the DB
2015-06-04 01:58:43,333 __main__   INFO   Processing Organization
2015-06-04 01:58:43,335 __main__   INFO   Fetching a list of http://xmlns.com/foaf/spec/#term_Organization
2015-06-04 01:58:43,937 __main__   INFO   Got 0 URIs to process
2015-06-04 01:58:43,939 __main__   INFO   Processing Document
2015-06-04 01:58:43,942 __main__   INFO   Fetching a list of http://xmlns.com/foaf/0.1/Document
2015-06-04 01:58:49,152 __main__   INFO   Got 2081 URIs to process
2015-06-04 01:59:12,448 __main__   INFO   Store 2081 results in the DB
2015-06-04 01:59:12,585 __main__   INFO   Processing Event
2015-06-04 01:59:12,588 __main__   INFO   Fetching a list of http://motools.sourceforge.net/event/event.html#term_Event
2015-06-04 01:59:12,976 __main__   INFO   Got 0 URIs to process
2015-06-04 01:59:12,978 __main__   INFO   Processing Location
2015-06-04 01:59:12,980 __main__   INFO   Fetching a list of http://www.w3.org/2003/01/geo/
2015-06-04 01:59:13,795 __main__   INFO   Got 0 URIs to process
